# JRE version: OpenJDK Runtime Environment (8.0_131-b11) (build 1.8.0_131-8u131-b11-2ubuntu1.16.04.3-b11)
# Java VM: OpenJDK 64-Bit Server VM (25.131-b11 mixed mode linux-amd64 compressed oops)
Heap:
 PSYoungGen      total 219136K, used 9704K [0x00000000eb700000, 0x00000000fbc80000, 0x0000000100000000)
  eden space 209408K, 0% used [0x00000000eb700000,0x00000000eb700000,0x00000000f8380000)
  from space 9728K, 99% used [0x00000000fa980000,0x00000000fb2fa048,0x00000000fb300000)
  to   space 5632K, 0% used [0x00000000fb700000,0x00000000fb700000,0x00000000fbc80000)
 ParOldGen       total 39936K, used 17090K [0x00000000c2400000, 0x00000000c4b00000, 0x00000000eb700000)
  object space 39936K, 42% used [0x00000000c2400000,0x00000000c34b0970,0x00000000c4b00000)
 Metaspace       used 34712K, capacity 35330K, committed 35456K, reserved 1079296K
  class space    used 4588K, capacity 4704K, committed 4736K, reserved 1048576K
GC Heap History (10 events):
Event: 15.978 GC heap after
Heap after GC invocations=5 (full 0):
 PSYoungGen      total 66048K, used 2536K [0x00000000eb700000, 0x00000000f4500000, 0x0000000100000000)
  eden space 63488K, 0% used [0x00000000eb700000,0x00000000eb700000,0x00000000ef500000)
  from space 2560K, 99% used [0x00000000ef500000,0x00000000ef77a320,0x00000000ef780000)
  to   space 9216K, 0% used [0x00000000f3c00000,0x00000000f3c00000,0x00000000f4500000)
 ParOldGen       total 42496K, used 11143K [0x00000000c2400000, 0x00000000c4d80000, 0x00000000eb700000)
  object space 42496K, 26% used [0x00000000c2400000,0x00000000c2ee1f38,0x00000000c4d80000)
 Metaspace       used 16837K, capacity 17060K, committed 17152K, reserved 1064960K
  class space    used 1946K, capacity 2014K, committed 2048K, reserved 1048576K
}
Event: 17.611 GC heap before
{Heap before GC invocations=6 (full 0):
 PSYoungGen      total 66048K, used 66024K [0x00000000eb700000, 0x00000000f4500000, 0x0000000100000000)
  eden space 63488K, 100% used [0x00000000eb700000,0x00000000ef500000,0x00000000ef500000)
  from space 2560K, 99% used [0x00000000ef500000,0x00000000ef77a320,0x00000000ef780000)
  to   space 9216K, 0% used [0x00000000f3c00000,0x00000000f3c00000,0x00000000f4500000)
 ParOldGen       total 42496K, used 11143K [0x00000000c2400000, 0x00000000c4d80000, 0x00000000eb700000)
  object space 42496K, 26% used [0x00000000c2400000,0x00000000c2ee1f38,0x00000000c4d80000)
 Metaspace       used 19576K, capacity 19816K, committed 19968K, reserved 1067008K
  class space    used 2418K, capacity 2477K, committed 2560K, reserved 1048576K
Event: 17.631 GC heap after
Heap after GC invocations=6 (full 0):
 PSYoungGen      total 135168K, used 8246K [0x00000000eb700000, 0x00000000f4700000, 0x0000000100000000)
  eden space 125952K, 0% used [0x00000000eb700000,0x00000000eb700000,0x00000000f3200000)
  from space 9216K, 89% used [0x00000000f3c00000,0x00000000f440db88,0x00000000f4500000)
  to   space 10240K, 0% used [0x00000000f3200000,0x00000000f3200000,0x00000000f3c00000)
 ParOldGen       total 42496K, used 11151K [0x00000000c2400000, 0x00000000c4d80000, 0x00000000eb700000)
  object space 42496K, 26% used [0x00000000c2400000,0x00000000c2ee3f38,0x00000000c4d80000)
 Metaspace       used 19576K, capacity 19816K, committed 19968K, reserved 1067008K
  class space    used 2418K, capacity 2477K, committed 2560K, reserved 1048576K
}
Event: 18.150 GC heap before
{Heap before GC invocations=7 (full 0):
 PSYoungGen      total 135168K, used 71592K [0x00000000eb700000, 0x00000000f4700000, 0x0000000100000000)
  eden space 125952K, 50% used [0x00000000eb700000,0x00000000ef4dc608,0x00000000f3200000)
  from space 9216K, 89% used [0x00000000f3c00000,0x00000000f440db88,0x00000000f4500000)
  to   space 10240K, 0% used [0x00000000f3200000,0x00000000f3200000,0x00000000f3c00000)
 ParOldGen       total 42496K, used 11151K [0x00000000c2400000, 0x00000000c4d80000, 0x00000000eb700000)
  object space 42496K, 26% used [0x00000000c2400000,0x00000000c2ee3f38,0x00000000c4d80000)
 Metaspace       used 20845K, capacity 21144K, committed 21296K, reserved 1069056K
  class space    used 2583K, capacity 2659K, committed 2688K, reserved 1048576K
Event: 18.172 GC heap after
Heap after GC invocations=7 (full 0):
 PSYoungGen      total 136192K, used 6677K [0x00000000eb700000, 0x00000000fc100000, 0x0000000100000000)
  eden space 125952K, 0% used [0x00000000eb700000,0x00000000eb700000,0x00000000f3200000)
  from space 10240K, 65% used [0x00000000f3200000,0x00000000f3885688,0x00000000f3c00000)
  to   space 10240K, 0% used [0x00000000fb700000,0x00000000fb700000,0x00000000fc100000)
 ParOldGen       total 42496K, used 11801K [0x00000000c2400000, 0x00000000c4d80000, 0x00000000eb700000)
  object space 42496K, 27% used [0x00000000c2400000,0x00000000c2f86410,0x00000000c4d80000)
 Metaspace       used 20845K, capacity 21144K, committed 21296K, reserved 1069056K
  class space    used 2583K, capacity 2659K, committed 2688K, reserved 1048576K
}
Event: 18.172 GC heap before
{Heap before GC invocations=8 (full 1):
 PSYoungGen      total 136192K, used 6677K [0x00000000eb700000, 0x00000000fc100000, 0x0000000100000000)
  eden space 125952K, 0% used [0x00000000eb700000,0x00000000eb700000,0x00000000f3200000)
  from space 10240K, 65% used [0x00000000f3200000,0x00000000f3885688,0x00000000f3c00000)
  to   space 10240K, 0% used [0x00000000fb700000,0x00000000fb700000,0x00000000fc100000)
 ParOldGen       total 42496K, used 11801K [0x00000000c2400000, 0x00000000c4d80000, 0x00000000eb700000)
  object space 42496K, 27% used [0x00000000c2400000,0x00000000c2f86410,0x00000000c4d80000)
 Metaspace       used 20845K, capacity 21144K, committed 21296K, reserved 1069056K
  class space    used 2583K, capacity 2659K, committed 2688K, reserved 1048576K
Event: 18.313 GC heap after
Heap after GC invocations=8 (full 1):
 PSYoungGen      total 136192K, used 0K [0x00000000eb700000, 0x00000000fc100000, 0x0000000100000000)
  eden space 125952K, 0% used [0x00000000eb700000,0x00000000eb700000,0x00000000f3200000)
  from space 10240K, 0% used [0x00000000f3200000,0x00000000f3200000,0x00000000f3c00000)
  to   space 10240K, 0% used [0x00000000fb700000,0x00000000fb700000,0x00000000fc100000)
 ParOldGen       total 39936K, used 13339K [0x00000000c2400000, 0x00000000c4b00000, 0x00000000eb700000)
  object space 39936K, 33% used [0x00000000c2400000,0x00000000c3106d08,0x00000000c4b00000)
 Metaspace       used 20845K, capacity 21144K, committed 21296K, reserved 1069056K
  class space    used 2583K, capacity 2659K, committed 2688K, reserved 1048576K
}
Event: 20.029 GC heap before
{Heap before GC invocations=9 (full 1):
 PSYoungGen      total 136192K, used 125952K [0x00000000eb700000, 0x00000000fc100000, 0x0000000100000000)
  eden space 125952K, 100% used [0x00000000eb700000,0x00000000f3200000,0x00000000f3200000)
  from space 10240K, 0% used [0x00000000f3200000,0x00000000f3200000,0x00000000f3c00000)
  to   space 10240K, 0% used [0x00000000fb700000,0x00000000fb700000,0x00000000fc100000)
 ParOldGen       total 39936K, used 13339K [0x00000000c2400000, 0x00000000c4b00000, 0x00000000eb700000)
  object space 39936K, 33% used [0x00000000c2400000,0x00000000c3106d08,0x00000000c4b00000)
 Metaspace       used 26349K, capacity 26810K, committed 27008K, reserved 1073152K
  class space    used 3114K, capacity 3188K, committed 3200K, reserved 1048576K
Event: 20.043 GC heap after
Heap after GC invocations=9 (full 1):
 PSYoungGen      total 215040K, used 5317K [0x00000000eb700000, 0x00000000fbc80000, 0x0000000100000000)
  eden space 209408K, 0% used [0x00000000eb700000,0x00000000eb700000,0x00000000f8380000)
  from space 5632K, 94% used [0x00000000fb700000,0x00000000fbc315f8,0x00000000fbc80000)
  to   space 9728K, 0% used [0x00000000fa980000,0x00000000fa980000,0x00000000fb300000)
 ParOldGen       total 39936K, used 13347K [0x00000000c2400000, 0x00000000c4b00000, 0x00000000eb700000)
  object space 39936K, 33% used [0x00000000c2400000,0x00000000c3108d08,0x00000000c4b00000)
 Metaspace       used 26349K, capacity 26810K, committed 27008K, reserved 1073152K
  class space    used 3114K, capacity 3188K, committed 3200K, reserved 1048576K
}
Event: 31.727 GC heap before
{Heap before GC invocations=10 (full 1):
 PSYoungGen      total 215040K, used 186514K [0x00000000eb700000, 0x00000000fbc80000, 0x0000000100000000)
  eden space 209408K, 86% used [0x00000000eb700000,0x00000000f67f3580,0x00000000f8380000)
  from space 5632K, 94% used [0x00000000fb700000,0x00000000fbc315f8,0x00000000fbc80000)
  to   space 9728K, 0% used [0x00000000fa980000,0x00000000fa980000,0x00000000fb300000)
 ParOldGen       total 39936K, used 13347K [0x00000000c2400000, 0x00000000c4b00000, 0x00000000eb700000)
  object space 39936K, 33% used [0x00000000c2400000,0x00000000c3108d08,0x00000000c4b00000)
 Metaspace       used 34712K, capacity 35330K, committed 35456K, reserved 1079296K
  class space    used 4588K, capacity 4704K, committed 4736K, reserved 1048576K

